0 info it worked if it ends with ok
1 verbose cli [ '/usr/local/Cellar/node/0.10.26/bin/node',
1 verbose cli   '/usr/local/bin/npm',
1 verbose cli   'publish' ]
2 info using npm@1.4.3
3 info using node@v0.10.26
4 verbose publish [ '.' ]
5 verbose cache add [ '.', null ]
6 verbose cache add name=undefined spec="." args=[".",null]
7 verbose parsed url { protocol: null,
7 verbose parsed url   slashes: null,
7 verbose parsed url   auth: null,
7 verbose parsed url   host: null,
7 verbose parsed url   port: null,
7 verbose parsed url   hostname: null,
7 verbose parsed url   hash: null,
7 verbose parsed url   search: null,
7 verbose parsed url   query: null,
7 verbose parsed url   pathname: '.',
7 verbose parsed url   path: '.',
7 verbose parsed url   href: '.' }
8 silly lockFile 3a52ce78- .
9 verbose lock . /Users/jbblanc/.npm/3a52ce78-.lock
10 verbose tar pack [ '/var/folders/_l/3xx79pnj0xndgx_0nwjytjgm0000gn/T/npm-90200-hDFl0PB9/1412691653033-0.6585815029684454/tmp.tgz',
10 verbose tar pack   '.' ]
11 verbose tarball /var/folders/_l/3xx79pnj0xndgx_0nwjytjgm0000gn/T/npm-90200-hDFl0PB9/1412691653033-0.6585815029684454/tmp.tgz
12 verbose folder .
13 info prepublish generator-sean@0.1.1
14 silly lockFile 1f1177db-tar tar://.
15 verbose lock tar://. /Users/jbblanc/.npm/1f1177db-tar.lock
16 silly lockFile 66616829-53033-0-6585815029684454-tmp-tgz tar:///var/folders/_l/3xx79pnj0xndgx_0nwjytjgm0000gn/T/npm-90200-hDFl0PB9/1412691653033-0.6585815029684454/tmp.tgz
17 verbose lock tar:///var/folders/_l/3xx79pnj0xndgx_0nwjytjgm0000gn/T/npm-90200-hDFl0PB9/1412691653033-0.6585815029684454/tmp.tgz /Users/jbblanc/.npm/66616829-53033-0-6585815029684454-tmp-tgz.lock
18 silly lockFile 1f1177db-tar tar://.
19 silly lockFile 1f1177db-tar tar://.
20 silly lockFile 66616829-53033-0-6585815029684454-tmp-tgz tar:///var/folders/_l/3xx79pnj0xndgx_0nwjytjgm0000gn/T/npm-90200-hDFl0PB9/1412691653033-0.6585815029684454/tmp.tgz
21 silly lockFile 66616829-53033-0-6585815029684454-tmp-tgz tar:///var/folders/_l/3xx79pnj0xndgx_0nwjytjgm0000gn/T/npm-90200-hDFl0PB9/1412691653033-0.6585815029684454/tmp.tgz
22 verbose tar unpack /var/folders/_l/3xx79pnj0xndgx_0nwjytjgm0000gn/T/npm-90200-hDFl0PB9/1412691653033-0.6585815029684454/tmp.tgz
23 silly lockFile b20f44f6-53033-0-6585815029684454-package tar:///var/folders/_l/3xx79pnj0xndgx_0nwjytjgm0000gn/T/npm-90200-hDFl0PB9/1412691653033-0.6585815029684454/package
24 verbose lock tar:///var/folders/_l/3xx79pnj0xndgx_0nwjytjgm0000gn/T/npm-90200-hDFl0PB9/1412691653033-0.6585815029684454/package /Users/jbblanc/.npm/b20f44f6-53033-0-6585815029684454-package.lock
25 silly lockFile 66616829-53033-0-6585815029684454-tmp-tgz tar:///var/folders/_l/3xx79pnj0xndgx_0nwjytjgm0000gn/T/npm-90200-hDFl0PB9/1412691653033-0.6585815029684454/tmp.tgz
26 verbose lock tar:///var/folders/_l/3xx79pnj0xndgx_0nwjytjgm0000gn/T/npm-90200-hDFl0PB9/1412691653033-0.6585815029684454/tmp.tgz /Users/jbblanc/.npm/66616829-53033-0-6585815029684454-tmp-tgz.lock
27 silly gunzTarPerm modes [ '755', '644' ]
28 silly gunzTarPerm extractEntry package.json
29 silly gunzTarPerm extractEntry .npmignore
30 silly gunzTarPerm extractEntry README.md
31 silly gunzTarPerm extractEntry LICENSE
32 silly gunzTarPerm extractEntry angular-route/index.js
33 silly gunzTarPerm extractEntry angular-route/templates/_.client.controller.js
34 silly gunzTarPerm extractEntry angular-route/templates/_.client.controller.test.js
35 silly gunzTarPerm extractEntry angular-route/templates/_.client.route.js
36 silly gunzTarPerm extractEntry angular-route/templates/_.client.routes.js
37 silly gunzTarPerm extractEntry angular-route/templates/_.client.view.html
38 silly gunzTarPerm extractEntry .travis.yml
39 silly gunzTarPerm extractEntry .editorconfig
40 silly gunzTarPerm extractEntry angular-config/index.js
41 silly gunzTarPerm extractEntry angular-config/templates/_.client.config.js
42 silly gunzTarPerm extractEntry angular-controller/index.js
43 silly gunzTarPerm extractEntry angular-controller/templates/_.client.controller.js
44 silly gunzTarPerm extractEntry angular-controller/templates/_.client.controller.test.js
45 silly gunzTarPerm extractEntry angular-directive/index.js
46 silly gunzTarPerm extractEntry angular-directive/templates/_.client.directive.js
47 silly gunzTarPerm extractEntry angular-filter/index.js
48 silly gunzTarPerm extractEntry angular-filter/templates/_.client.filter.js
49 silly gunzTarPerm extractEntry angular-module/index.js
50 silly gunzTarPerm extractEntry angular-module/templates/_.client.module.js
51 silly gunzTarPerm extractEntry .gitattributes
52 silly gunzTarPerm extractEntry angular-service/index.js
53 silly gunzTarPerm extractEntry angular-service/templates/_.client.service.js
54 silly gunzTarPerm extractEntry angular-test/index.js
55 silly gunzTarPerm extractEntry angular-test/templates/_.client.controller.js
56 silly gunzTarPerm extractEntry angular-test/templates/_.client.controller.test.js
57 silly gunzTarPerm extractEntry angular-view/index.js
58 silly gunzTarPerm extractEntry angular-view/templates/_.client.route.js
59 silly gunzTarPerm extractEntry angular-view/templates/_.client.routes.js
60 silly gunzTarPerm extractEntry angular-view/templates/_.client.view.html
61 silly gunzTarPerm extractEntry app/index.js
62 silly gunzTarPerm extractEntry app/templates/README.md
63 silly gunzTarPerm extractEntry app/templates/LICENSE
64 silly gunzTarPerm extractEntry app/templates/gruntfile.js
65 silly gunzTarPerm extractEntry app/templates/karma.conf.js
66 silly gunzTarPerm extractEntry app/templates/server.js
67 silly gunzTarPerm extractEntry app/templates/csslintrc
68 silly gunzTarPerm extractEntry app/templates/_package.json
69 silly gunzTarPerm extractEntry app/templates/app/controllers/articles.server.controller.js
70 silly gunzTarPerm extractEntry app/templates/app/controllers/core.server.controller.js
71 silly gunzTarPerm extractEntry app/templates/app/controllers/errors.server.controller.js
72 silly gunzTarPerm extractEntry app/templates/app/controllers/users.server.controller.js
73 silly gunzTarPerm extractEntry app/templates/app/controllers/users/users.authentication.server.controller.js
74 silly gunzTarPerm extractEntry app/templates/app/controllers/users/users.authorization.server.controller.js
75 silly gunzTarPerm extractEntry app/templates/app/controllers/users/users.password.server.controller.js
76 silly gunzTarPerm extractEntry app/templates/app/controllers/users/users.profile.server.controller.js
77 silly gunzTarPerm extractEntry app/templates/app/models/_user.server.model.js
78 silly gunzTarPerm extractEntry app/templates/app/models/article.server.model.js
79 silly gunzTarPerm extractEntry app/templates/app/routes/articles.server.routes.js
80 silly gunzTarPerm extractEntry app/templates/app/routes/core.server.routes.js
81 silly gunzTarPerm extractEntry app/templates/app/routes/users.server.routes.js
82 silly gunzTarPerm extractEntry app/templates/app/services/token.server.service.js
83 silly gunzTarPerm extractEntry app/templates/app/tests/article.server.model.test.js
84 silly gunzTarPerm extractEntry app/templates/app/tests/user.server.model.test.js
85 silly gunzTarPerm extractEntry app/templates/app/views/404.server.view.html
86 silly gunzTarPerm extractEntry app/templates/app/views/500.server.view.html
87 silly gunzTarPerm extractEntry app/templates/app/views/index.server.view.html
88 silly gunzTarPerm extractEntry app/templates/app/views/layout.server.view.html
89 silly gunzTarPerm extractEntry app/templates/app/views/templates/reset-password-confirm-email.server.view.html
90 silly gunzTarPerm extractEntry app/templates/app/views/templates/reset-password-email.server.view.html
91 silly gunzTarPerm extractEntry app/templates/bowerrc
92 silly gunzTarPerm extractEntry app/templates/config/config.js
93 silly gunzTarPerm extractEntry app/templates/config/express.js
94 silly gunzTarPerm extractEntry app/templates/config/init.js
95 silly gunzTarPerm extractEntry app/templates/config/logger.js
96 silly gunzTarPerm extractEntry app/templates/config/passport.js
97 silly gunzTarPerm extractEntry app/templates/config/roleManager.js
98 silly gunzTarPerm extractEntry app/templates/config/sequelize.js
99 silly gunzTarPerm extractEntry app/templates/config/env/_all.js
100 silly gunzTarPerm extractEntry app/templates/config/env/_development.js
101 silly gunzTarPerm extractEntry app/templates/config/env/_production.js
102 silly gunzTarPerm extractEntry app/templates/config/env/_test.js
103 silly gunzTarPerm extractEntry app/templates/config/strategies/facebook.js
104 silly gunzTarPerm extractEntry app/templates/config/strategies/github.js
105 silly gunzTarPerm extractEntry app/templates/config/strategies/google.js
106 silly gunzTarPerm extractEntry app/templates/config/strategies/linkedin.js
107 silly gunzTarPerm extractEntry app/templates/config/strategies/local.js
108 silly gunzTarPerm extractEntry app/templates/config/strategies/twitter.js
109 silly gunzTarPerm extractEntry app/templates/LICENSE.md
110 silly gunzTarPerm extractEntry app/templates/editorconfig
111 silly gunzTarPerm extractEntry app/templates/fig.yml
112 silly gunzTarPerm extractEntry app/templates/gitignore
113 silly gunzTarPerm extractEntry app/templates/Procfile
114 silly gunzTarPerm extractEntry app/templates/jshintrc
115 silly gunzTarPerm extractEntry app/templates/Dockerfile
116 silly gunzTarPerm extractEntry app/templates/public/_config.js
117 silly gunzTarPerm extractEntry app/templates/public/application.js
118 silly gunzTarPerm extractEntry app/templates/public/roleManager.js
119 silly gunzTarPerm extractEntry app/templates/public/humans.txt
120 silly gunzTarPerm extractEntry app/templates/public/modules/articles/articles.client.module.js
121 silly gunzTarPerm extractEntry app/templates/public/modules/articles/config/articles.client.config.js
122 silly gunzTarPerm extractEntry app/templates/public/modules/articles/config/articles.client.routes.js
123 silly gunzTarPerm extractEntry app/templates/public/modules/articles/controllers/articles.client.controller.js
124 silly gunzTarPerm extractEntry app/templates/public/modules/articles/services/articles.client.service.js
125 silly gunzTarPerm extractEntry app/templates/public/modules/articles/tests/articles.client.controller.test.js
126 silly gunzTarPerm extractEntry app/templates/public/modules/articles/views/create-article.client.view.html
127 silly gunzTarPerm extractEntry app/templates/public/modules/articles/views/edit-article.client.view.html
128 silly gunzTarPerm extractEntry app/templates/public/modules/articles/views/list-articles.client.view.html
129 silly gunzTarPerm extractEntry app/templates/public/modules/articles/views/view-article.client.view.html
130 silly gunzTarPerm extractEntry app/templates/public/modules/core/core.client.module.js
131 silly gunzTarPerm extractEntry app/templates/public/modules/core/config/core.client.routes.js
132 silly gunzTarPerm extractEntry app/templates/public/modules/core/controllers/header.client.controller.js
133 silly gunzTarPerm extractEntry app/templates/public/modules/core/controllers/home.client.controller.js
134 silly gunzTarPerm extractEntry app/templates/public/modules/core/css/core.css
135 silly gunzTarPerm extractEntry app/templates/public/modules/core/img/brand/favicon.ico
136 silly gunzTarPerm extractEntry app/templates/public/modules/core/img/brand/logo.png
137 silly gunzTarPerm extractEntry app/templates/public/modules/core/img/loaders/loader.gif
138 silly gunzTarPerm extractEntry app/templates/public/modules/core/services/menus.client.service.js
139 silly gunzTarPerm extractEntry app/templates/public/modules/core/services/message.client.service.js
140 silly gunzTarPerm extractEntry app/templates/public/modules/core/services/realtime.client.service.js
141 silly gunzTarPerm extractEntry app/templates/public/modules/core/services/storage.client.service.js
142 silly gunzTarPerm extractEntry app/templates/public/modules/core/tests/header.client.controller.test.js
143 silly gunzTarPerm extractEntry app/templates/public/modules/core/tests/home.client.controller.test.js
144 silly gunzTarPerm extractEntry app/templates/public/modules/core/views/_header.client.view.html
145 silly gunzTarPerm extractEntry app/templates/public/modules/core/views/home.client.view.html
146 silly gunzTarPerm extractEntry app/templates/public/modules/users/users.client.module.js
147 silly gunzTarPerm extractEntry app/templates/public/modules/users/config/users.client.config.js
148 silly gunzTarPerm extractEntry app/templates/public/modules/users/config/users.client.routes.js
149 silly gunzTarPerm extractEntry app/templates/public/modules/users/controllers/authentication.client.controller.js
150 silly gunzTarPerm extractEntry app/templates/public/modules/users/controllers/password.client.controller.js
151 silly gunzTarPerm extractEntry app/templates/public/modules/users/controllers/settings.client.controller.js
152 silly gunzTarPerm extractEntry app/templates/public/modules/users/css/users.css
153 silly gunzTarPerm extractEntry app/templates/public/modules/users/img/buttons/facebook.png
154 silly gunzTarPerm extractEntry app/templates/public/modules/users/img/buttons/github.png
155 silly gunzTarPerm extractEntry app/templates/public/modules/users/img/buttons/google.png
156 silly gunzTarPerm extractEntry app/templates/public/modules/users/img/buttons/linkedin.png
157 silly gunzTarPerm extractEntry app/templates/public/modules/users/img/buttons/twitter.png
158 silly gunzTarPerm extractEntry app/templates/public/modules/users/services/authentication.client.service.js
159 silly gunzTarPerm extractEntry app/templates/public/modules/users/services/user.client.service.js
160 silly gunzTarPerm extractEntry app/templates/public/modules/users/services/users.client.service.js
161 silly gunzTarPerm extractEntry app/templates/public/modules/users/tests/authentication.client.controller.test.js
162 silly gunzTarPerm extractEntry app/templates/public/modules/users/views/authentication/signin.client.view.html
163 silly gunzTarPerm extractEntry app/templates/public/modules/users/views/authentication/signup.client.view.html
164 silly gunzTarPerm extractEntry app/templates/public/modules/users/views/password/forgot-password.client.view.html
165 silly gunzTarPerm extractEntry app/templates/public/modules/users/views/password/reset-password-invalid.client.view.html
166 silly gunzTarPerm extractEntry app/templates/public/modules/users/views/password/reset-password-success.client.view.html
167 silly gunzTarPerm extractEntry app/templates/public/modules/users/views/password/reset-password.client.view.html
168 silly gunzTarPerm extractEntry app/templates/public/modules/users/views/settings/change-password.client.view.html
169 silly gunzTarPerm extractEntry app/templates/public/modules/users/views/settings/edit-profile.client.view.html
170 silly gunzTarPerm extractEntry app/templates/public/modules/users/views/settings/social-accounts.client.view.html
171 silly gunzTarPerm extractEntry app/templates/public/robots.txt
172 silly gunzTarPerm extractEntry app/templates/_bower.json
173 silly gunzTarPerm extractEntry app/templates/slugignore
174 silly gunzTarPerm extractEntry app/templates/travis.yml
175 silly gunzTarPerm extractEntry crud-module/index.js
176 silly gunzTarPerm extractEntry crud-module/templates/angular-module/_.client.module.js
177 silly gunzTarPerm extractEntry crud-module/templates/angular-module/config/_.client.config.js
178 silly gunzTarPerm extractEntry crud-module/templates/angular-module/config/_.client.routes.js
179 silly gunzTarPerm extractEntry crud-module/templates/angular-module/controllers/_.client.controller.js
180 silly gunzTarPerm extractEntry crud-module/templates/angular-module/services/_.client.service.js
181 silly gunzTarPerm extractEntry crud-module/templates/angular-module/tests/_.client.controller.test.js
182 silly gunzTarPerm extractEntry crud-module/templates/angular-module/views/_.create.client.view.html
183 silly gunzTarPerm extractEntry crud-module/templates/angular-module/views/_.edit.client.view.html
184 silly gunzTarPerm extractEntry crud-module/templates/angular-module/views/_.list.client.view.html
185 silly gunzTarPerm extractEntry crud-module/templates/angular-module/views/_.view.client.view.html
186 silly gunzTarPerm extractEntry crud-module/templates/express-module/_.server.controller.js
187 silly gunzTarPerm extractEntry crud-module/templates/express-module/_.server.model.js
188 silly gunzTarPerm extractEntry crud-module/templates/express-module/_.server.model.test.js
189 silly gunzTarPerm extractEntry crud-module/templates/express-module/_.server.routes.js
190 silly gunzTarPerm extractEntry express-controller/index.js
191 silly gunzTarPerm extractEntry express-controller/templates/_.server.controller.js
192 silly gunzTarPerm extractEntry express-model/index.js
193 silly gunzTarPerm extractEntry express-model/templates/_.server.model.js
194 silly gunzTarPerm extractEntry express-model/templates/_.server.model.test.js
195 silly gunzTarPerm extractEntry express-route/index.js
196 silly gunzTarPerm extractEntry express-route/templates/_.server.routes.js
197 silly gunzTarPerm extractEntry express-test/index.js
198 silly gunzTarPerm extractEntry express-test/templates/_.server.model.js
199 silly gunzTarPerm extractEntry express-test/templates/_.server.model.test.js
200 silly gunzTarPerm extractEntry .jshintrc
201 silly gunzTarPerm extractEntry test/test-creation.js
202 silly gunzTarPerm extractEntry test/test-load.js
203 silly lockFile b20f44f6-53033-0-6585815029684454-package tar:///var/folders/_l/3xx79pnj0xndgx_0nwjytjgm0000gn/T/npm-90200-hDFl0PB9/1412691653033-0.6585815029684454/package
204 silly lockFile b20f44f6-53033-0-6585815029684454-package tar:///var/folders/_l/3xx79pnj0xndgx_0nwjytjgm0000gn/T/npm-90200-hDFl0PB9/1412691653033-0.6585815029684454/package
205 silly lockFile 66616829-53033-0-6585815029684454-tmp-tgz tar:///var/folders/_l/3xx79pnj0xndgx_0nwjytjgm0000gn/T/npm-90200-hDFl0PB9/1412691653033-0.6585815029684454/tmp.tgz
206 silly lockFile 66616829-53033-0-6585815029684454-tmp-tgz tar:///var/folders/_l/3xx79pnj0xndgx_0nwjytjgm0000gn/T/npm-90200-hDFl0PB9/1412691653033-0.6585815029684454/tmp.tgz
207 verbose tar pack [ '/Users/jbblanc/.npm/generator-sean/0.1.1/package.tgz',
207 verbose tar pack   '/var/folders/_l/3xx79pnj0xndgx_0nwjytjgm0000gn/T/npm-90200-hDFl0PB9/1412691653033-0.6585815029684454/package' ]
208 verbose tarball /Users/jbblanc/.npm/generator-sean/0.1.1/package.tgz
209 verbose folder /var/folders/_l/3xx79pnj0xndgx_0nwjytjgm0000gn/T/npm-90200-hDFl0PB9/1412691653033-0.6585815029684454/package
210 silly lockFile b20f44f6-53033-0-6585815029684454-package tar:///var/folders/_l/3xx79pnj0xndgx_0nwjytjgm0000gn/T/npm-90200-hDFl0PB9/1412691653033-0.6585815029684454/package
211 verbose lock tar:///var/folders/_l/3xx79pnj0xndgx_0nwjytjgm0000gn/T/npm-90200-hDFl0PB9/1412691653033-0.6585815029684454/package /Users/jbblanc/.npm/b20f44f6-53033-0-6585815029684454-package.lock
212 silly lockFile d3f9c0d1-generator-sean-0-1-1-package-tgz tar:///Users/jbblanc/.npm/generator-sean/0.1.1/package.tgz
213 verbose lock tar:///Users/jbblanc/.npm/generator-sean/0.1.1/package.tgz /Users/jbblanc/.npm/d3f9c0d1-generator-sean-0-1-1-package-tgz.lock
214 silly lockFile b20f44f6-53033-0-6585815029684454-package tar:///var/folders/_l/3xx79pnj0xndgx_0nwjytjgm0000gn/T/npm-90200-hDFl0PB9/1412691653033-0.6585815029684454/package
215 silly lockFile b20f44f6-53033-0-6585815029684454-package tar:///var/folders/_l/3xx79pnj0xndgx_0nwjytjgm0000gn/T/npm-90200-hDFl0PB9/1412691653033-0.6585815029684454/package
216 silly lockFile d3f9c0d1-generator-sean-0-1-1-package-tgz tar:///Users/jbblanc/.npm/generator-sean/0.1.1/package.tgz
217 silly lockFile d3f9c0d1-generator-sean-0-1-1-package-tgz tar:///Users/jbblanc/.npm/generator-sean/0.1.1/package.tgz
218 silly lockFile f4647914-npm-generator-sean-0-1-1-package /Users/jbblanc/.npm/generator-sean/0.1.1/package
219 verbose lock /Users/jbblanc/.npm/generator-sean/0.1.1/package /Users/jbblanc/.npm/f4647914-npm-generator-sean-0-1-1-package.lock
220 silly lockFile f4647914-npm-generator-sean-0-1-1-package /Users/jbblanc/.npm/generator-sean/0.1.1/package
221 silly lockFile f4647914-npm-generator-sean-0-1-1-package /Users/jbblanc/.npm/generator-sean/0.1.1/package
222 verbose tar unpack /Users/jbblanc/.npm/generator-sean/0.1.1/package.tgz
223 silly lockFile 349d37e8-npm-generator-sean-0-1-1-package tar:///Users/jbblanc/.npm/generator-sean/0.1.1/package
224 verbose lock tar:///Users/jbblanc/.npm/generator-sean/0.1.1/package /Users/jbblanc/.npm/349d37e8-npm-generator-sean-0-1-1-package.lock
225 silly lockFile d3f9c0d1-generator-sean-0-1-1-package-tgz tar:///Users/jbblanc/.npm/generator-sean/0.1.1/package.tgz
226 verbose lock tar:///Users/jbblanc/.npm/generator-sean/0.1.1/package.tgz /Users/jbblanc/.npm/d3f9c0d1-generator-sean-0-1-1-package-tgz.lock
227 silly gunzTarPerm modes [ '755', '644' ]
228 silly gunzTarPerm extractEntry package.json
229 silly gunzTarPerm extractEntry .npmignore
230 silly gunzTarPerm extractEntry README.md
231 silly gunzTarPerm extractEntry LICENSE
232 silly gunzTarPerm extractEntry angular-route/index.js
233 silly gunzTarPerm extractEntry angular-route/templates/_.client.controller.js
234 silly gunzTarPerm extractEntry angular-route/templates/_.client.controller.test.js
235 silly gunzTarPerm extractEntry angular-route/templates/_.client.route.js
236 silly gunzTarPerm extractEntry angular-route/templates/_.client.routes.js
237 silly gunzTarPerm extractEntry angular-route/templates/_.client.view.html
238 silly gunzTarPerm extractEntry .jshintrc
239 silly gunzTarPerm extractEntry .editorconfig
240 silly gunzTarPerm extractEntry angular-config/index.js
241 silly gunzTarPerm extractEntry angular-config/templates/_.client.config.js
242 silly gunzTarPerm extractEntry angular-controller/index.js
243 silly gunzTarPerm extractEntry angular-controller/templates/_.client.controller.js
244 silly gunzTarPerm extractEntry angular-controller/templates/_.client.controller.test.js
245 silly gunzTarPerm extractEntry angular-directive/index.js
246 silly gunzTarPerm extractEntry angular-directive/templates/_.client.directive.js
247 silly gunzTarPerm extractEntry angular-filter/index.js
248 silly gunzTarPerm extractEntry angular-filter/templates/_.client.filter.js
249 silly gunzTarPerm extractEntry angular-module/index.js
250 silly gunzTarPerm extractEntry angular-module/templates/_.client.module.js
251 silly gunzTarPerm extractEntry .gitattributes
252 silly gunzTarPerm extractEntry angular-service/index.js
253 silly gunzTarPerm extractEntry angular-service/templates/_.client.service.js
254 silly gunzTarPerm extractEntry angular-test/index.js
255 silly gunzTarPerm extractEntry angular-test/templates/_.client.controller.js
256 silly gunzTarPerm extractEntry angular-test/templates/_.client.controller.test.js
257 silly gunzTarPerm extractEntry angular-view/index.js
258 silly gunzTarPerm extractEntry angular-view/templates/_.client.route.js
259 silly gunzTarPerm extractEntry angular-view/templates/_.client.routes.js
260 silly gunzTarPerm extractEntry angular-view/templates/_.client.view.html
261 silly gunzTarPerm extractEntry app/index.js
262 silly gunzTarPerm extractEntry app/templates/README.md
263 silly gunzTarPerm extractEntry app/templates/LICENSE
264 silly gunzTarPerm extractEntry app/templates/gruntfile.js
265 silly gunzTarPerm extractEntry app/templates/karma.conf.js
266 silly gunzTarPerm extractEntry app/templates/server.js
267 silly gunzTarPerm extractEntry app/templates/csslintrc
268 silly gunzTarPerm extractEntry app/templates/_package.json
269 silly gunzTarPerm extractEntry app/templates/app/controllers/articles.server.controller.js
270 silly gunzTarPerm extractEntry app/templates/app/controllers/core.server.controller.js
271 silly gunzTarPerm extractEntry app/templates/app/controllers/errors.server.controller.js
272 silly gunzTarPerm extractEntry app/templates/app/controllers/users.server.controller.js
273 silly gunzTarPerm extractEntry app/templates/app/controllers/users/users.authentication.server.controller.js
274 silly gunzTarPerm extractEntry app/templates/app/controllers/users/users.authorization.server.controller.js
275 silly gunzTarPerm extractEntry app/templates/app/controllers/users/users.password.server.controller.js
276 silly gunzTarPerm extractEntry app/templates/app/controllers/users/users.profile.server.controller.js
277 silly gunzTarPerm extractEntry app/templates/app/models/_user.server.model.js
278 silly gunzTarPerm extractEntry app/templates/app/models/article.server.model.js
279 silly gunzTarPerm extractEntry app/templates/app/routes/articles.server.routes.js
280 silly gunzTarPerm extractEntry app/templates/app/routes/core.server.routes.js
281 silly gunzTarPerm extractEntry app/templates/app/routes/users.server.routes.js
282 silly gunzTarPerm extractEntry app/templates/app/services/token.server.service.js
283 silly gunzTarPerm extractEntry app/templates/app/tests/article.server.model.test.js
284 silly gunzTarPerm extractEntry app/templates/app/tests/user.server.model.test.js
285 silly gunzTarPerm extractEntry app/templates/app/views/404.server.view.html
286 silly gunzTarPerm extractEntry app/templates/app/views/500.server.view.html
287 silly gunzTarPerm extractEntry app/templates/app/views/index.server.view.html
288 silly gunzTarPerm extractEntry app/templates/app/views/layout.server.view.html
289 silly gunzTarPerm extractEntry app/templates/app/views/templates/reset-password-confirm-email.server.view.html
290 silly gunzTarPerm extractEntry app/templates/app/views/templates/reset-password-email.server.view.html
291 silly gunzTarPerm extractEntry app/templates/bowerrc
292 silly gunzTarPerm extractEntry app/templates/config/config.js
293 silly gunzTarPerm extractEntry app/templates/config/express.js
294 silly gunzTarPerm extractEntry app/templates/config/init.js
295 silly gunzTarPerm extractEntry app/templates/config/logger.js
296 silly gunzTarPerm extractEntry app/templates/config/passport.js
297 silly gunzTarPerm extractEntry app/templates/config/roleManager.js
298 silly gunzTarPerm extractEntry app/templates/config/sequelize.js
299 silly gunzTarPerm extractEntry app/templates/config/env/_all.js
300 silly gunzTarPerm extractEntry app/templates/config/env/_development.js
301 silly gunzTarPerm extractEntry app/templates/config/env/_production.js
302 silly gunzTarPerm extractEntry app/templates/config/env/_test.js
303 silly gunzTarPerm extractEntry app/templates/config/strategies/facebook.js
304 silly gunzTarPerm extractEntry app/templates/config/strategies/github.js
305 silly gunzTarPerm extractEntry app/templates/config/strategies/google.js
306 silly gunzTarPerm extractEntry app/templates/config/strategies/linkedin.js
307 silly gunzTarPerm extractEntry app/templates/config/strategies/local.js
308 silly gunzTarPerm extractEntry app/templates/config/strategies/twitter.js
309 silly gunzTarPerm extractEntry app/templates/LICENSE.md
310 silly gunzTarPerm extractEntry app/templates/editorconfig
311 silly gunzTarPerm extractEntry app/templates/fig.yml
312 silly gunzTarPerm extractEntry app/templates/gitignore
313 silly gunzTarPerm extractEntry app/templates/Procfile
314 silly gunzTarPerm extractEntry app/templates/jshintrc
315 silly gunzTarPerm extractEntry app/templates/Dockerfile
316 silly gunzTarPerm extractEntry app/templates/public/_config.js
317 silly gunzTarPerm extractEntry app/templates/public/application.js
318 silly gunzTarPerm extractEntry app/templates/public/roleManager.js
319 silly gunzTarPerm extractEntry app/templates/public/humans.txt
320 silly gunzTarPerm extractEntry app/templates/public/modules/articles/articles.client.module.js
321 silly gunzTarPerm extractEntry app/templates/public/modules/articles/config/articles.client.config.js
322 silly gunzTarPerm extractEntry app/templates/public/modules/articles/config/articles.client.routes.js
323 silly gunzTarPerm extractEntry app/templates/public/modules/articles/controllers/articles.client.controller.js
324 silly gunzTarPerm extractEntry app/templates/public/modules/articles/services/articles.client.service.js
325 silly gunzTarPerm extractEntry app/templates/public/modules/articles/tests/articles.client.controller.test.js
326 silly gunzTarPerm extractEntry app/templates/public/modules/articles/views/create-article.client.view.html
327 silly gunzTarPerm extractEntry app/templates/public/modules/articles/views/edit-article.client.view.html
328 silly gunzTarPerm extractEntry app/templates/public/modules/articles/views/list-articles.client.view.html
329 silly gunzTarPerm extractEntry app/templates/public/modules/articles/views/view-article.client.view.html
330 silly gunzTarPerm extractEntry app/templates/public/modules/core/core.client.module.js
331 silly gunzTarPerm extractEntry app/templates/public/modules/core/config/core.client.routes.js
332 silly gunzTarPerm extractEntry app/templates/public/modules/core/controllers/header.client.controller.js
333 silly gunzTarPerm extractEntry app/templates/public/modules/core/controllers/home.client.controller.js
334 silly gunzTarPerm extractEntry app/templates/public/modules/core/css/core.css
335 silly gunzTarPerm extractEntry app/templates/public/modules/core/img/brand/favicon.ico
336 silly gunzTarPerm extractEntry app/templates/public/modules/core/img/brand/logo.png
337 silly gunzTarPerm extractEntry app/templates/public/modules/core/img/loaders/loader.gif
338 silly gunzTarPerm extractEntry app/templates/public/modules/core/services/menus.client.service.js
339 silly gunzTarPerm extractEntry app/templates/public/modules/core/services/message.client.service.js
340 silly gunzTarPerm extractEntry app/templates/public/modules/core/services/realtime.client.service.js
341 silly gunzTarPerm extractEntry app/templates/public/modules/core/services/storage.client.service.js
342 silly gunzTarPerm extractEntry app/templates/public/modules/core/tests/header.client.controller.test.js
343 silly gunzTarPerm extractEntry app/templates/public/modules/core/tests/home.client.controller.test.js
344 silly gunzTarPerm extractEntry app/templates/public/modules/core/views/_header.client.view.html
345 silly gunzTarPerm extractEntry app/templates/public/modules/core/views/home.client.view.html
346 silly gunzTarPerm extractEntry app/templates/public/modules/users/users.client.module.js
347 silly gunzTarPerm extractEntry app/templates/public/modules/users/config/users.client.config.js
348 silly gunzTarPerm extractEntry app/templates/public/modules/users/config/users.client.routes.js
349 silly gunzTarPerm extractEntry app/templates/public/modules/users/controllers/authentication.client.controller.js
350 silly gunzTarPerm extractEntry app/templates/public/modules/users/controllers/password.client.controller.js
351 silly gunzTarPerm extractEntry app/templates/public/modules/users/controllers/settings.client.controller.js
352 silly gunzTarPerm extractEntry app/templates/public/modules/users/css/users.css
353 silly gunzTarPerm extractEntry app/templates/public/modules/users/img/buttons/facebook.png
354 silly gunzTarPerm extractEntry app/templates/public/modules/users/img/buttons/github.png
355 silly gunzTarPerm extractEntry app/templates/public/modules/users/img/buttons/google.png
356 silly gunzTarPerm extractEntry app/templates/public/modules/users/img/buttons/linkedin.png
357 silly gunzTarPerm extractEntry app/templates/public/modules/users/img/buttons/twitter.png
358 silly gunzTarPerm extractEntry app/templates/public/modules/users/services/authentication.client.service.js
359 silly gunzTarPerm extractEntry app/templates/public/modules/users/services/user.client.service.js
360 silly gunzTarPerm extractEntry app/templates/public/modules/users/services/users.client.service.js
361 silly gunzTarPerm extractEntry app/templates/public/modules/users/tests/authentication.client.controller.test.js
362 silly gunzTarPerm extractEntry app/templates/public/modules/users/views/authentication/signin.client.view.html
363 silly gunzTarPerm extractEntry app/templates/public/modules/users/views/authentication/signup.client.view.html
364 silly gunzTarPerm extractEntry app/templates/public/modules/users/views/password/forgot-password.client.view.html
365 silly gunzTarPerm extractEntry app/templates/public/modules/users/views/password/reset-password-invalid.client.view.html
366 silly gunzTarPerm extractEntry app/templates/public/modules/users/views/password/reset-password-success.client.view.html
367 silly gunzTarPerm extractEntry app/templates/public/modules/users/views/password/reset-password.client.view.html
368 silly gunzTarPerm extractEntry app/templates/public/modules/users/views/settings/change-password.client.view.html
369 silly gunzTarPerm extractEntry app/templates/public/modules/users/views/settings/edit-profile.client.view.html
370 silly gunzTarPerm extractEntry app/templates/public/modules/users/views/settings/social-accounts.client.view.html
371 silly gunzTarPerm extractEntry app/templates/public/robots.txt
372 silly gunzTarPerm extractEntry app/templates/_bower.json
373 silly gunzTarPerm extractEntry app/templates/slugignore
374 silly gunzTarPerm extractEntry app/templates/travis.yml
375 silly gunzTarPerm extractEntry crud-module/index.js
376 silly gunzTarPerm extractEntry crud-module/templates/angular-module/_.client.module.js
377 silly gunzTarPerm extractEntry crud-module/templates/angular-module/config/_.client.config.js
378 silly gunzTarPerm extractEntry crud-module/templates/angular-module/config/_.client.routes.js
379 silly gunzTarPerm extractEntry crud-module/templates/angular-module/controllers/_.client.controller.js
380 silly gunzTarPerm extractEntry crud-module/templates/angular-module/services/_.client.service.js
381 silly gunzTarPerm extractEntry crud-module/templates/angular-module/tests/_.client.controller.test.js
382 silly gunzTarPerm extractEntry crud-module/templates/angular-module/views/_.create.client.view.html
383 silly gunzTarPerm extractEntry crud-module/templates/angular-module/views/_.edit.client.view.html
384 silly gunzTarPerm extractEntry crud-module/templates/angular-module/views/_.list.client.view.html
385 silly gunzTarPerm extractEntry crud-module/templates/angular-module/views/_.view.client.view.html
386 silly gunzTarPerm extractEntry crud-module/templates/express-module/_.server.controller.js
387 silly gunzTarPerm extractEntry crud-module/templates/express-module/_.server.model.js
388 silly gunzTarPerm extractEntry crud-module/templates/express-module/_.server.model.test.js
389 silly gunzTarPerm extractEntry crud-module/templates/express-module/_.server.routes.js
390 silly gunzTarPerm extractEntry express-controller/index.js
391 silly gunzTarPerm extractEntry express-controller/templates/_.server.controller.js
392 silly gunzTarPerm extractEntry express-model/index.js
393 silly gunzTarPerm extractEntry express-model/templates/_.server.model.js
394 silly gunzTarPerm extractEntry express-model/templates/_.server.model.test.js
395 silly gunzTarPerm extractEntry express-route/index.js
396 silly gunzTarPerm extractEntry express-route/templates/_.server.routes.js
397 silly gunzTarPerm extractEntry express-test/index.js
398 silly gunzTarPerm extractEntry express-test/templates/_.server.model.js
399 silly gunzTarPerm extractEntry express-test/templates/_.server.model.test.js
400 silly gunzTarPerm extractEntry .travis.yml
401 silly gunzTarPerm extractEntry test/test-creation.js
402 silly gunzTarPerm extractEntry test/test-load.js
403 silly lockFile 349d37e8-npm-generator-sean-0-1-1-package tar:///Users/jbblanc/.npm/generator-sean/0.1.1/package
404 silly lockFile 349d37e8-npm-generator-sean-0-1-1-package tar:///Users/jbblanc/.npm/generator-sean/0.1.1/package
405 silly lockFile d3f9c0d1-generator-sean-0-1-1-package-tgz tar:///Users/jbblanc/.npm/generator-sean/0.1.1/package.tgz
406 silly lockFile d3f9c0d1-generator-sean-0-1-1-package-tgz tar:///Users/jbblanc/.npm/generator-sean/0.1.1/package.tgz
407 verbose chmod /Users/jbblanc/.npm/generator-sean/0.1.1/package.tgz 644
408 verbose chown /Users/jbblanc/.npm/generator-sean/0.1.1/package.tgz [ 501, 20 ]
409 silly lockFile 3a52ce78- .
410 silly lockFile 3a52ce78- .
411 silly publish { name: 'generator-sean',
411 silly publish   version: '0.1.1',
411 silly publish   description: 'SEAN Official Yeoman Generator',
411 silly publish   main: 'app/index.js',
411 silly publish   repository:
411 silly publish    { type: 'git',
411 silly publish      url: 'https://github.com/MangoTools/generator-sean.git' },
411 silly publish   private: false,
411 silly publish   author: { name: 'https://github.com/MangoTools/generator-sean/graphs/contributors' },
411 silly publish   engines: { node: '>=0.10.0' },
411 silly publish   scripts: { test: 'mocha' },
411 silly publish   keywords:
411 silly publish    [ 'yeoman-generator',
411 silly publish      'scaffold',
411 silly publish      'framework',
411 silly publish      'component',
411 silly publish      'front-end',
411 silly publish      'app',
411 silly publish      'mean',
411 silly publish      'meanjs',
411 silly publish      'node',
411 silly publish      'express',
411 silly publish      'angular' ],
411 silly publish   dependencies:
411 silly publish    { 'yeoman-generator': '~0.17.1',
411 silly publish      chalk: '~0.5.1',
411 silly publish      'underscore.inflections': '~0.2.1' },
411 silly publish   devDependencies:
411 silly publish    { assert: '~1.1.1',
411 silly publish      async: '~0.9.0',
411 silly publish      'fs-extra': '~0.10.0',
411 silly publish      mocha: '~1.21.3',
411 silly publish      temp: '~0.8.0' },
411 silly publish   peerDependencies: { yo: '>=1.0.0' },
411 silly publish   licenses: [ { type: 'BSD' } ],
411 silly publish   readme: 'generator-sean\n==============\n\nYo generator for [sean](https://github.com/MangoTools/sean)\n\n\n\nMEAN.JS is a full-stack JavaScript open-source solution, which provides a solid starting point for [MongoDB](http://www.mongodb.org/), [Node.js](http://www.nodejs.org/), [Express](http://expressjs.com/), and [AngularJS](http://angularjs.org/) based applications. The idea is to solve the common issues with connecting those frameworks, build a robust framework to support daily development needs, and help developers use better practices while working with popular JavaScript components.\n## Overview\n\nOne of the most frequently asked features from MEAN users is a way to scaffold their applications. As we looked for a way to help the community build and deploy production level MEAN applications, we decided to go with a [Yeoman](http://yeoman.io/index.html) generator. Yeoman generators provides a powerful, easy to maintain, and open solution for scaffolding applications.\n\n\n\nSo, we set out to work on the features we thought every developer needs, and we are proud to present the official MEAN.JS Yeoman generator. It includes a set of simple tools you can use to make your MEAN application development easier and way more fun.\n\n\n\n## Getting Started\n\nBefore you begin make sure you have the [yo scaffolding tool](http://yeoman.io/generators.html) installed(As it is part of the Yeoman tool set you might have installed it before). To globally install *yo* you will need to use npm:\n\n\n```\n$ npm install -g yo\n```\n\n\n**Note:** Your user might not have the permissions to install package globally, so use a super user or **sudo**.\n\n\n\nOnce you have *yo* installed, you will need to install the MEAN.JS generator as well:\n\n\n```\n$ npm install -g generator-meanjs\n```\n\nYou are now ready to get started with the MEAN.JS generator. The generator will help you create a MEAN.JS application, a CRUD module, Angular Module, and other AngularJS/Express entities.\n\n## Generators\n\nAvailable generators:\n\n* [meanjs](#application-generator)\n* [meanjs:crud-module](#crud-module-sub-generator)\n* [meanjs:angular-module](#angularjs-module-sub-generator)\n* [meanjs:angular-route](#angularjs-route-sub-generator)\n* [meanjs:angular-controller](#angularjs-controller-sub-generator)\n* [meanjs:angular-view](#angularjs-view-sub-generator)\n* [meanjs:angular-service](#angularjs-service-sub-generator)\n* [meanjs:angular-directive](#angularjs-directive-sub-generator)\n* [meanjs:angular-filter](#angularjs-filter-sub-generator)\n* [meanjs:angular-config](#angularjs-config-sub-generator)\n* [meanjs:angular-test](#angularjs-test-sub-generator)\n* [meanjs:express-model](#express-model-sub-generator)\n* [meanjs:express-controller](#express-controller-sub-generator)\n* [meanjs:express-route](#express-routes-sub-generator)\n* [meanjs:express-test](#express-test-sub-generator)\n\n**Note: Generators are to be run from the root directory of your app.**\n\n\n## Application Generator\n\nThe application generator will help you create a fresh copy of a MEAN.JS application in your working folder. To create your MEAN application, navigate to a new project folder, and then use *yo* to generate your application:\n\n\n```\n$ yo meanjs\n```\n\nThe generator will ask you a few questions about your new application and will generate it for you. When the installation process is over, you will be able to use grunt to run your new MEAN application:\n\n\n```\n$ grunt\n```\n\nNow, the application generator does a great job scaffolding a whole application, but daily work requires us to repeat a lot of structured code. For this purpose we provided you with some sub-generators to help you speed up your development.\n\n\n\n## CRUD Module Sub-Generator\n\nThe CRUD module sub-generator will help you create a new CRUD module, similar to the article sample provided with the project. To create a new CRUD module you will need to use *yo* again:\n\n\n```\n$ yo meanjs:crud-module <module-name>\n```\n\nThis will create both AngularJS and Express files supporting full CRUD functionality, and add the Karma and Mocha tests.\n\n\n**Note:** Don’t forget to use your module name as an argument when calling the CRUD module sub-generator.\n\n\n\n## AngularJS Module Sub-Generator\n\nAnother redundant task is creating a new AngularJS module structure. For this purpose you can use the Angular module sub-generator. It will create the proper folder structure for you and the module initialization file. Creating a new AngularJS module is simple:\n\n\n```\n$ yo meanjs:angular-module <module-name>\n```\n\nThe sub-generator will ask for more information about your folder structure, and will create the empty new AngularJS module. Now, to fill that new module with your business logic, we provided you with several AngularJS entities sub-generators.\n\n\n\n## AngularJS Route Sub-Generator\n\nTo construct your module you will often need to create a new route. The AngularJS route sub-generator will help you create a view, controller and a proper route in your module **routes.js** file. If it can’t find the module routes file the sub-generator will create one for you. Creating a new AngularJS route will involve executing this command:\n\n\n\n```\n$ yo meanjs:angular-route <route-name>\n```\n\nThe sub-generator will ask for more information about your controller, view and routing URL, and will generate the appropriate files for you.\n\n\n\n## AngularJS Controller Sub-Generator\n\nThe AngularJS Controller sub-generator will create a new AngularJS controller in the specified module\'s **controllers** folder. To create a new AngularJS controller run *yo* again by using this command:\n\n\n```\n$ yo meanjs:angular-controller <controller-name>\n```\n\nThe sub-generator will ask you for the module name under which you would like to create your new controller, and will create a new AngularJS controller file in that module **controllers** folder and a test file in the **tests** folder.\n\n\n**Don’t forget!** This time you pass the controller name as an argument.\n\n\n\n## AngularJS View Sub-Generator\n\nOnce you have your controller file ready, you may want to add a view that makes use of this controller. The AngularJS view sub-generator will create a new AngularJS view in thr specified module\'s **views** folder, and will allow you to add a route definition for it. To create a new AngularJS view you will need to execute this command:\n\n\n```\n$ yo meanjs:angular-view <view-name>\n```\n\nThe sub-generator will ask you for the module name under which you would like to create your new view, and some additional routing information. It will then create a new view file in that module\'s **views** folder and add a routing state to the module **routes.js** file. If it can’t find the module routes file it will create one for you.\n\n\n\n## AngularJS Service Sub-Generator\n\nThe AngularJS service sub-generator will create a new AngularJS service in the specified module\'s **services** folder. To create a new AngularJS service you will need to execute this command:\n\n\n```\n$ yo meanjs:angular-service <service-name>\n```\n\nThe sub-generator will ask you for the module name under which you would like to create your new service, and will create a new AngularJS service file in that module\'s **services** folder.\n\n\n\n## AngularJS Directive Sub-Generator\n\nThe AngularJS directive sub-generator will create a new AngularJS directive in the specified module\'s **directives** folder. Creating a new AngularJS directive should already look familiar:\n\n\n```\n$ yo meanjs:angular-directive <directive-name>\n```\n\nThe sub-generator will ask you for the module name under which you would like to create your new directive, and will create a new AngularJS directive file in that module\'s **directives** folder.\n\n\n\n## AngularJS Filter Sub-Generator\n\nThe AngularJS filter sub-generator will create a new AngularJS filter in a specified module\'s **filters** folder. To create a new AngularJS filter you need to call yo again:\n\n\n```\n$ yo meanjs:angular-filter <filter-name>\n```\n\nThe sub-generator will ask you for the module name under which you would like to create your new filter, and will create a new AngularJS filter file in that module **filters** folder.\n\n\n\n## AngularJS Config Sub-Generator\n\nThe AngularJS config sub-generator will create a new AngularJS config section in a specified module\'s **config** folder. To create a new AngularJS config file just call yo:\n\n\n```\n$ yo meanjs:angular-config <config-name>\n```\n\nThe sub-generator will ask you for the module name under which you would like to create your new config, and will create a new AngularJS config file in that module\'s **config** folder.\n\n\n\n## AngularJS Test Sub-Generator\n\nYour MEAN application comes pre-bundled with the Karma test runner and Jasmine testing framework. To test your AngularJS controllers you’ll need to create a test file, which Karma will later use to run the tests. For this purpose we provided you with the AngularJS test sub-generator. Creating a new AngularJS test is effortless, just execute this command:\n\n\n```\n$ yo meanjs:angular-test <controller-name>\n```\n\nThis will create a test file for your controller, and if the sub-generator doesn’t find the specified controller file, it will create one for you.\n\n\n**Don’t forget!** You\'re suppose to pass the controller name as an argument.\n\n\n\n## Express Model Sub-Generator\n\nOften you will find the need to just create a single Express model. The Express model sub-generator will help you with creating an Express model in the **app/models** folder. To create a new model just use *yo*:\n\n\n```\n$ yo meanjs:express-model <model-name>\n```\n\nThis will create a new empty model in the **app/models** folder and a test file in the **app/tests** folder.\n\n\n**Note:** It is recommended you avoid naming your model in plural form and use a singular form instead. i.e article and not articles\n\n\n\n## Express Controller Sub-Generator\n\nAnother recurring task is creating an empty Express controller. The Express controller sub-generator will help you with creating an Express controller in the **app/controllers** folder. To create a new controller just use *yo*:\n\n\n```\n$ yo meanjs:express-controller <controller-name>\n```\n\nThis will create a new empty controller in the **app/controllers** folder.\n\n\n\n## Express Routes Sub-Generator\n\nTo make HTTP requests to your controller methods you will need to use a routing file in the **app/routes** folder. The Express routes sub-generator will help you to add a new empty routes file. To create a new routes file execute this *yo* command:\n\n\n```\n$ yo meanjs:express-route <route-name>\n```\n\nThis will create a new empty route file in the **app/routes** folder.\n\n\n## Express Test Sub-Generator\n\nYour MEAN application comes pre-bundled with the Mocha testing framework. To test your Express models you’ll need to create a new test file, which Mocha will use while running tests. For this purpose we provided you with the Express test sub-generator. Creating a new Express test is easy, just execute this command:\n\n\n```\n$ yo meanjs:express-test <model-name>\n```\n\nThis will create a test file for your Express model, and if the sub-generator doesn’t find the specified model, it will create one for you.\n\n\n**Don’t forget!** You\'re suppose to pass the model name as an argument.\n\n## License\n\n[BSD license](http://opensource.org/licenses/bsd-license.php)\n',
411 silly publish   readmeFilename: 'README.md',
411 silly publish   bugs: { url: 'https://github.com/MangoTools/generator-sean/issues' },
411 silly publish   homepage: 'https://github.com/MangoTools/generator-sean',
411 silly publish   _id: 'generator-sean@0.1.1',
411 silly publish   dist: { shasum: 'e2757e8370ea32ca87ca8c71281463e949c8056b' },
411 silly publish   _from: '.' }
412 verbose url raw generator-sean
413 verbose url resolving [ 'https://registry.npmjs.org/', './generator-sean' ]
414 verbose url resolved https://registry.npmjs.org/generator-sean
415 info trying registry request attempt 1 at 15:20:53
416 http PUT https://registry.npmjs.org/generator-sean
417 http 403 https://registry.npmjs.org/generator-sean
418 error publish Failed PUT 403
419 error Error: forbidden cannot modify pre-existing version: 0.1.1
419 error old={"name":"generator-sean","version":"0.1.1","description":"SEAN Official Yeoman Generator","main":"app/index.js","repository":{"type":"git","url":"https://github.com/MangoTools/generator-sean.git"},"private":false,"author":{"name":"https://github.com/MangoTools/generator-sean/graphs/contributors"},"engines":{"node":">=0.10.0"},"scripts":{"test":"mocha"},"keywords":["yeoman-generator","scaffold","framework","component","front-end","app","mean","meanjs","node","express","angular"],"dependencies":{"yeoman-generator":"~0.17.1","chalk":"~0.5.1","underscore.inflections":"~0.2.1"},"devDependencies":{"assert":"~1.1.1","async":"~0.9.0","fs-extra":"~0.10.0","mocha":"~1.21.3","temp":"~0.8.0"},"peerDependencies":{"yo":">=1.0.0"},"licenses":[{"type":"BSD"}],"gitHead":"acbfa871cc24b6bcc2b1d3b0299a7071f3fcec12","bugs":{"url":"https://github.com/MangoTools/generator-sean/issues"},"homepage":"https://github.com/MangoTools/generator-sean","_id":"generator-sean@0.1.1","_shasum":"d0ad49df784b39b37cd3ec03a4d5930f4856e337","_from":".","_npmVersion":"1.4.23","_npmUser":{"name":"adidoo","email":"adrien@mango.tools"},"maintainers":[{"name":"adidoo","email":"adrien@mango.tools"},{"name":"chettam","email":"jb@mango.tools"}],"dist":{"shasum":"d0ad49df784b39b37cd3ec03a4d5930f4856e337","tarball":"http://registry.npmjs.org/generator-sean/-/generator-sean-0.1.1.tgz"}}
419 error new={"name":"generator-sean","version":"0.1.1","description":"SEAN Official Yeoman Generator","main":"app/index.js","repository":{"type":"git","url":"https://github.com/MangoTools/generator-sean.git"},"private":false,"author":{"name":"https://github.com/MangoTools/generator-sean/graphs/contributors"},"engines":{"node":">=0.10.0"},"scripts":{"test":"mocha"},"keywords":["yeoman-generator","scaffold","framework","component","front-end","app","mean","meanjs","node","express","angular"],"dependencies":{"yeoman-generator":"~0.17.1","chalk":"~0.5.1","underscore.inflections":"~0.2.1"},"devDependencies":{"assert":"~1.1.1","async":"~0.9.0","fs-extra":"~0.10.0","mocha":"~1.21.3","temp":"~0.8.0"},"peerDependencies":{"yo":">=1.0.0"},"licenses":[{"type":"BSD"}],"readme":"generator-sean\u000a==============\u000a\u000aYo generator for [sean](https://github.com/MangoTools/sean)\u000a\u000a\u000a\u000aMEAN.JS is a full-stack JavaScript open-source solution, which provides a solid starting point for [MongoDB](http://www.mongodb.org/), [Node.js](http://www.nodejs.org/), [Express](http://expressjs.com/), and [AngularJS](http://angularjs.org/) based applications. The idea is to solve the common issues with connecting those frameworks, build a robust framework to support daily development needs, and help developers use better practices while working with popular JavaScript components.\u000a## Overview\u000a\u000aOne of the most frequently asked features from MEAN users is a way to scaffold their applications. As we looked for a way to help the community build and deploy production level MEAN applications, we decided to go with a [Yeoman](http://yeoman.io/index.html) generator. Yeoman generators provides a powerful, easy to maintain, and open solution for scaffolding applications.\u000a\u000a\u000a\u000aSo, we set out to work on the features we thought every developer needs, and we are proud to present the official MEAN.JS Yeoman generator. It includes a set of simple tools you can use to make your MEAN application development easier and way more fun.\u000a\u000a\u000a\u000a## Getting Started\u000a\u000aBefore you begin make sure you have the [yo scaffolding tool](http://yeoman.io/generators.html) installed(As it is part of the Yeoman tool set you might have installed it before). To globally install *yo* you will need to use npm:\u000a\u000a\u000a```\u000a$ npm install -g yo\u000a```\u000a\u000a\u000a**Note:** Your user might not have the permissions to install package globally, so use a super user or **sudo**.\u000a\u000a\u000a\u000aOnce you have *yo* installed, you will need to install the MEAN.JS generator as well:\u000a\u000a\u000a```\u000a$ npm install -g generator-meanjs\u000a```\u000a\u000aYou are now ready to get started with the MEAN.JS generator. The generator will help you create a MEAN.JS application, a CRUD module, Angular Module, and other AngularJS/Express entities.\u000a\u000a## Generators\u000a\u000aAvailable generators:\u000a\u000a* [meanjs](#application-generator)\u000a* [meanjs:crud-module](#crud-module-sub-generator)\u000a* [meanjs:angular-module](#angularjs-module-sub-generator)\u000a* [meanjs:angular-route](#angularjs-route-sub-generator)\u000a* [meanjs:angular-controller](#angularjs-controller-sub-generator)\u000a* [meanjs:angular-view](#angularjs-view-sub-generator)\u000a* [meanjs:angular-service](#angularjs-service-sub-generator)\u000a* [meanjs:angular-directive](#angularjs-directive-sub-generator)\u000a* [meanjs:angular-filter](#angularjs-filter-sub-generator)\u000a* [meanjs:angular-config](#angularjs-config-sub-generator)\u000a* [meanjs:angular-test](#angularjs-test-sub-generator)\u000a* [meanjs:express-model](#express-model-sub-generator)\u000a* [meanjs:express-controller](#express-controller-sub-generator)\u000a* [meanjs:express-route](#express-routes-sub-generator)\u000a* [meanjs:express-test](#express-test-sub-generator)\u000a\u000a**Note: Generators are to be run from the root directory of your app.**\u000a\u000a\u000a## Application Generator\u000a\u000aThe application generator will help you create a fresh copy of a MEAN.JS application in your working folder. To create your MEAN application, navigate to a new project folder, and then use *yo* to generate your application:\u000a\u000a\u000a```\u000a$ yo meanjs\u000a```\u000a\u000aThe generator will ask you a few questions about your new application and will generate it for you. When the installation process is over, you will be able to use grunt to run your new MEAN application:\u000a\u000a\u000a```\u000a$ grunt\u000a```\u000a\u000aNow, the application generator does a great job scaffolding a whole application, but daily work requires us to repeat a lot of structured code. For this purpose we provided you with some sub-generators to help you speed up your development.\u000a\u000a\u000a\u000a## CRUD Module Sub-Generator\u000a\u000aThe CRUD module sub-generator will help you create a new CRUD module, similar to the article sample provided with the project. To create a new CRUD module you will need to use *yo* again:\u000a\u000a\u000a```\u000a$ yo meanjs:crud-module <module-name>\u000a```\u000a\u000aThis will create both AngularJS and Express files supporting full CRUD functionality, and add the Karma and Mocha tests.\u000a\u000a\u000a**Note:** Don’t forget to use your module name as an argument when calling the CRUD module sub-generator.\u000a\u000a\u000a\u000a## AngularJS Module Sub-Generator\u000a\u000aAnother redundant task is creating a new AngularJS module structure. For this purpose you can use the Angular module sub-generator. It will create the proper folder structure for you and the module initialization file. Creating a new AngularJS module is simple:\u000a\u000a\u000a```\u000a$ yo meanjs:angular-module <module-name>\u000a```\u000a\u000aThe sub-generator will ask for more information about your folder structure, and will create the empty new AngularJS module. Now, to fill that new module with your business logic, we provided you with several AngularJS entities sub-generators.\u000a\u000a\u000a\u000a## AngularJS Route Sub-Generator\u000a\u000aTo construct your module you will often need to create a new route. The AngularJS route sub-generator will help you create a view, controller and a proper route in your module **routes.js** file. If it can’t find the module routes file the sub-generator will create one for you. Creating a new AngularJS route will involve executing this command:\u000a\u000a\u000a\u000a```\u000a$ yo meanjs:angular-route <route-name>\u000a```\u000a\u000aThe sub-generator will ask for more information about your controller, view and routing URL, and will generate the appropriate files for you.\u000a\u000a\u000a\u000a## AngularJS Controller Sub-Generator\u000a\u000aThe AngularJS Controller sub-generator will create a new AngularJS controller in the specified module's **controllers** folder. To create a new AngularJS controller run *yo* again by using this command:\u000a\u000a\u000a```\u000a$ yo meanjs:angular-controller <controller-name>\u000a```\u000a\u000aThe sub-generator will ask you for the module name under which you would like to create your new controller, and will create a new AngularJS controller file in that module **controllers** folder and a test file in the **tests** folder.\u000a\u000a\u000a**Don’t forget!** This time you pass the controller name as an argument.\u000a\u000a\u000a\u000a## AngularJS View Sub-Generator\u000a\u000aOnce you have your controller file ready, you may want to add a view that makes use of this controller. The AngularJS view sub-generator will create a new AngularJS view in thr specified module's **views** folder, and will allow you to add a route definition for it. To create a new AngularJS view you will need to execute this command:\u000a\u000a\u000a```\u000a$ yo meanjs:angular-view <view-name>\u000a```\u000a\u000aThe sub-generator will ask you for the module name under which you would like to create your new view, and some additional routing information. It will then create a new view file in that module's **views** folder and add a routing state to the module **routes.js** file. If it can’t find the module routes file it will create one for you.\u000a\u000a\u000a\u000a## AngularJS Service Sub-Generator\u000a\u000aThe AngularJS service sub-generator will create a new AngularJS service in the specified module's **services** folder. To create a new AngularJS service you will need to execute this command:\u000a\u000a\u000a```\u000a$ yo meanjs:angular-service <service-name>\u000a```\u000a\u000aThe sub-generator will ask you for the module name under which you would like to create your new service, and will create a new AngularJS service file in that module's **services** folder.\u000a\u000a\u000a\u000a## AngularJS Directive Sub-Generator\u000a\u000aThe AngularJS directive sub-generator will create a new AngularJS directive in the specified module's **directives** folder. Creating a new AngularJS directive should already look familiar:\u000a\u000a\u000a```\u000a$ yo meanjs:angular-directive <directive-name>\u000a```\u000a\u000aThe sub-generator will ask you for the module name under which you would like to create your new directive, and will create a new AngularJS directive file in that module's **directives** folder.\u000a\u000a\u000a\u000a## AngularJS Filter Sub-Generator\u000a\u000aThe AngularJS filter sub-generator will create a new AngularJS filter in a specified module's **filters** folder. To create a new AngularJS filter you need to call yo again:\u000a\u000a\u000a```\u000a$ yo meanjs:angular-filter <filter-name>\u000a```\u000a\u000aThe sub-generator will ask you for the module name under which you would like to create your new filter, and will create a new AngularJS filter file in that module **filters** folder.\u000a\u000a\u000a\u000a## AngularJS Config Sub-Generator\u000a\u000aThe AngularJS config sub-generator will create a new AngularJS config section in a specified module's **config** folder. To create a new AngularJS config file just call yo:\u000a\u000a\u000a```\u000a$ yo meanjs:angular-config <config-name>\u000a```\u000a\u000aThe sub-generator will ask you for the module name under which you would like to create your new config, and will create a new AngularJS config file in that module's **config** folder.\u000a\u000a\u000a\u000a## AngularJS Test Sub-Generator\u000a\u000aYour MEAN application comes pre-bundled with the Karma test runner and Jasmine testing framework. To test your AngularJS controllers you’ll need to create a test file, which Karma will later use to run the tests. For this purpose we provided you with the AngularJS test sub-generator. Creating a new AngularJS test is effortless, just execute this command:\u000a\u000a\u000a```\u000a$ yo meanjs:angular-test <controller-name>\u000a```\u000a\u000aThis will create a test file for your controller, and if the sub-generator doesn’t find the specified controller file, it will create one for you.\u000a\u000a\u000a**Don’t forget!** You're suppose to pass the controller name as an argument.\u000a\u000a\u000a\u000a## Express Model Sub-Generator\u000a\u000aOften you will find the need to just create a single Express model. The Express model sub-generator will help you with creating an Express model in the **app/models** folder. To create a new model just use *yo*:\u000a\u000a\u000a```\u000a$ yo meanjs:express-model <model-name>\u000a```\u000a\u000aThis will create a new empty model in the **app/models** folder and a test file in the **app/tests** folder.\u000a\u000a\u000a**Note:** It is recommended you avoid naming your model in plural form and use a singular form instead. i.e article and not articles\u000a\u000a\u000a\u000a## Express Controller Sub-Generator\u000a\u000aAnother recurring task is creating an empty Express controller. The Express controller sub-generator will help you with creating an Express controller in the **app/controllers** folder. To create a new controller just use *yo*:\u000a\u000a\u000a```\u000a$ yo meanjs:express-controller <controller-name>\u000a```\u000a\u000aThis will create a new empty controller in the **app/controllers** folder.\u000a\u000a\u000a\u000a## Express Routes Sub-Generator\u000a\u000aTo make HTTP requests to your controller methods you will need to use a routing file in the **app/routes** folder. The Express routes sub-generator will help you to add a new empty routes file. To create a new routes file execute this *yo* command:\u000a\u000a\u000a```\u000a$ yo meanjs:express-route <route-name>\u000a```\u000a\u000aThis will create a new empty route file in the **app/routes** folder.\u000a\u000a\u000a## Express Test Sub-Generator\u000a\u000aYour MEAN application comes pre-bundled with the Mocha testing framework. To test your Express models you’ll need to create a new test file, which Mocha will use while running tests. For this purpose we provided you with the Express test sub-generator. Creating a new Express test is easy, just execute this command:\u000a\u000a\u000a```\u000a$ yo meanjs:express-test <model-name>\u000a```\u000a\u000aThis will create a test file for your Express model, and if the sub-generator doesn’t find the specified model, it will create one for you.\u000a\u000a\u000a**Don’t forget!** You're suppose to pass the model name as an argument.\u000a\u000a## License\u000a\u000a[BSD license](http://opensource.org/licenses/bsd-license.php)\u000a","readmeFilename":"README.md","bugs":{"url":"https://github.com/MangoTools/generator-sean/issues"},"homepage":"https://github.com/MangoTools/generator-sean","_id":"generator-sean@0.1.1","dist":{"shasum":"e2757e8370ea32ca87ca8c71281463e949c8056b","tarball":"http://registry.npmjs.org/generator-sean/-/generator-sean-0.1.1.tgz"},"_from":".","_npmVersion":"1.4.3","_npmUser":{"name":"chettam","email":"jb@mango.tools"},"maintainers":[{"name":"chettam","email":"jb@mango.tools"}]}: generator-sean
419 error     at RegClient.<anonymous> (/usr/local/Cellar/node/0.10.26/lib/node_modules/npm/node_modules/npm-registry-client/lib/request.js:237:14)
419 error     at Request.self.callback (/usr/local/Cellar/node/0.10.26/lib/node_modules/npm/node_modules/request/request.js:123:22)
419 error     at Request.EventEmitter.emit (events.js:98:17)
419 error     at Request.<anonymous> (/usr/local/Cellar/node/0.10.26/lib/node_modules/npm/node_modules/request/request.js:893:14)
419 error     at Request.EventEmitter.emit (events.js:117:20)
419 error     at IncomingMessage.<anonymous> (/usr/local/Cellar/node/0.10.26/lib/node_modules/npm/node_modules/request/request.js:844:12)
419 error     at IncomingMessage.EventEmitter.emit (events.js:117:20)
419 error     at _stream_readable.js:920:16
419 error     at process._tickCallback (node.js:415:13)
420 error If you need help, you may report this *entire* log,
420 error including the npm and node versions, at:
420 error     <http://github.com/npm/npm/issues>
421 error System Darwin 13.2.0
422 error command "/usr/local/Cellar/node/0.10.26/bin/node" "/usr/local/bin/npm" "publish"
423 error cwd /Users/jbblanc/Documents/MangoTools/Projects/generator-sean
424 error node -v v0.10.26
425 error npm -v 1.4.3
426 verbose exit [ 1, true ]
